[debug] ----------------------------------------------------------------------
[debug] Command:      C:\Program Files\nodejs\node.exe C:\Program Files\Git\node_modules\firebase-tools\bin\firebase --interactive login:ci
[debug] CLI Version:  3.2.1
[debug] Platform:     win32
[debug] Node Version: v6.9.4
[debug] Time:         Thu Jan 19 2017 10:12:31 GMT+0900 (대한민국 표준시)
[debug] ----------------------------------------------------------------------
[debug] 
[info] 
[info] Visit this URL on any device to log in:
[info] https://accounts.google.com/o/oauth2/auth?client_id=563584335869-fgrhgmd47bqnekij5i8b5pr03ho849e6.apps.googleusercontent.com&scope=email%20openid%20https%3A%2F%2Fwww.googleapis.com%2Fauth%2Fcloudplatformprojects.readonly%20https%3A%2F%2Fwww.googleapis.com%2Fauth%2Ffirebase&response_type=code&state=799399917&redirect_uri=http%3A%2F%2Flocalhost%3A9005
[info] 
[info] Waiting for authentication...
[debug] >>> HTTP REQUEST POST https://accounts.google.com/o/oauth2/token
[debug] >>> HTTP REQUEST POST https://accounts.google.com/o/oauth2/token
[debug] ----------------------------------------------------------------------
[debug] Command:      C:\Program Files\nodejs\node.exe C:\Program Files\Git\node_modules\firebase-tools\bin\firebase --interactive login
[debug] CLI Version:  3.2.1
[debug] Platform:     win32
[debug] Node Version: v6.9.4
[debug] Time:         Thu Jan 19 2017 10:22:28 GMT+0900 (대한민국 표준시)
[debug] ----------------------------------------------------------------------
[debug] 
[info] 
[info] Visit this URL on any device to log in:
[info] https://accounts.google.com/o/oauth2/auth?client_id=563584335869-fgrhgmd47bqnekij5i8b5pr03ho849e6.apps.googleusercontent.com&scope=email%20openid%20https%3A%2F%2Fwww.googleapis.com%2Fauth%2Fcloudplatformprojects.readonly%20https%3A%2F%2Fwww.googleapis.com%2Fauth%2Ffirebase&response_type=code&state=128731255&redirect_uri=http%3A%2F%2Flocalhost%3A9005
[info] 
[info] Waiting for authentication...
[debug] >>> HTTP REQUEST POST https://accounts.google.com/o/oauth2/token
